<?xml version="1.0" encoding="UTF-8" ?>
<testsuite tests="32" failures="0" name="runner.TestRunner" time="0.027" errors="0" skipped="0">
  <properties>
[...]
</properties>
  <testcase classname="| Sanvi |  | Dahi |  | 1234567890 |  | sanvi01@gmail.com |  | Pune |  | Pune |  | MH |  | 411057 |  | INDIA |  | Sanvi02 |  | Temp@123 |  | Temp@123 |" name="Given User is on Home Page" time="0.005"/>
  <testcase classname="| Sanvi |  | Dahi |  | 1234567890 |  | sanvi01@gmail.com |  | Pune |  | Pune |  | MH |  | 411057 |  | INDIA |  | Sanvi02 |  | Temp@123 |  | Temp@123 |" name="When User clicks on Register link" time="0.001"/>
  <testcase classname="| Sanvi |  | Dahi |  | 1234567890 |  | sanvi01@gmail.com |  | Pune |  | Pune |  | MH |  | 411057 |  | INDIA |  | Sanvi02 |  | Temp@123 |  | Temp@123 |" name="And User enter Contact Information  &quot;Sanvi&quot; &quot;Dahi&quot; &quot;1234567890&quot;&quot;sanvi01@gmail.com&quot;" time="0"/>
  <testcase classname="| Sanvi |  | Dahi |  | 1234567890 |  | sanvi01@gmail.com |  | Pune |  | Pune |  | MH |  | 411057 |  | INDIA |  | Sanvi02 |  | Temp@123 |  | Temp@123 |" name="And User enter Mailing Information  &quot;Pune&quot;&quot;Pune&quot;&quot;MH&quot;&quot;411057&quot;&quot;INDIA&quot;" time="0.001"/>
  <testcase classname="| Sanvi |  | Dahi |  | 1234567890 |  | sanvi01@gmail.com |  | Pune |  | Pune |  | MH |  | 411057 |  | INDIA |  | Sanvi02 |  | Temp@123 |  | Temp@123 |" name="And User enter User Information  &quot;Sanvi02&quot;&quot;Temp@123&quot;&quot;Temp@123&quot;" time="0"/>
  <testcase classname="| Sanvi |  | Dahi |  | 1234567890 |  | sanvi01@gmail.com |  | Pune |  | Pune |  | MH |  | 411057 |  | INDIA |  | Sanvi02 |  | Temp@123 |  | Temp@123 |" name="Then User clicks on Submit button" time="0.001"/>
  <testcase classname="| Sanvi |  | Dahi |  | 1234567890 |  | sanvi01@gmail.com |  | Pune |  | Pune |  | MH |  | 411057 |  | INDIA |  | Sanvi02 |  | Temp@123 |  | Temp@123 |" name="Then User is registered" time="0"/>
  <testcase classname="| Sanvi |  | Dahi |  | 1234567890 |  | sanvi01@gmail.com |  | Pune |  | Pune |  | MH |  | 411057 |  | INDIA |  | Sanvi02 |  | Temp@123 |  | Temp@123 |" name="| Sanvi |  | Dahi |  | 1234567890 |  | sanvi01@gmail.com |  | Pune |  | Pune |  | MH |  | 411057 |  | INDIA |  | Sanvi02 |  | Temp@123 |  | Temp@123 |" time="0.003"/>
  <testcase classname="| Valli |  | Ghul |  | 2234567890 |  | sanvi02@gmail.com |  | Pune |  | Pune |  | MH |  | 411057 |  | INDIA |  | Sanvi02 |  | Temp@456 |  | Temp@456 |" name="Given User is on Home Page" time="0.001"/>
  <testcase classname="| Valli |  | Ghul |  | 2234567890 |  | sanvi02@gmail.com |  | Pune |  | Pune |  | MH |  | 411057 |  | INDIA |  | Sanvi02 |  | Temp@456 |  | Temp@456 |" name="When User clicks on Register link" time="0"/>
  <testcase classname="| Valli |  | Ghul |  | 2234567890 |  | sanvi02@gmail.com |  | Pune |  | Pune |  | MH |  | 411057 |  | INDIA |  | Sanvi02 |  | Temp@456 |  | Temp@456 |" name="And User enter Contact Information  &quot;Valli&quot; &quot;Ghul&quot; &quot;2234567890&quot;&quot;sanvi02@gmail.com&quot;" time="0.001"/>
  <testcase classname="| Valli |  | Ghul |  | 2234567890 |  | sanvi02@gmail.com |  | Pune |  | Pune |  | MH |  | 411057 |  | INDIA |  | Sanvi02 |  | Temp@456 |  | Temp@456 |" name="And User enter Mailing Information  &quot;Pune&quot;&quot;Pune&quot;&quot;MH&quot;&quot;411057&quot;&quot;INDIA&quot;" time="0.001"/>
  <testcase classname="| Valli |  | Ghul |  | 2234567890 |  | sanvi02@gmail.com |  | Pune |  | Pune |  | MH |  | 411057 |  | INDIA |  | Sanvi02 |  | Temp@456 |  | Temp@456 |" name="And User enter User Information  &quot;Sanvi02&quot;&quot;Temp@456&quot;&quot;Temp@456&quot;" time="0.001"/>
  <testcase classname="| Valli |  | Ghul |  | 2234567890 |  | sanvi02@gmail.com |  | Pune |  | Pune |  | MH |  | 411057 |  | INDIA |  | Sanvi02 |  | Temp@456 |  | Temp@456 |" name="Then User clicks on Submit button" time="0"/>
  <testcase classname="| Valli |  | Ghul |  | 2234567890 |  | sanvi02@gmail.com |  | Pune |  | Pune |  | MH |  | 411057 |  | INDIA |  | Sanvi02 |  | Temp@456 |  | Temp@456 |" name="Then User is registered" time="0"/>
  <testcase classname="| Valli |  | Ghul |  | 2234567890 |  | sanvi02@gmail.com |  | Pune |  | Pune |  | MH |  | 411057 |  | INDIA |  | Sanvi02 |  | Temp@456 |  | Temp@456 |" name="| Valli |  | Ghul |  | 2234567890 |  | sanvi02@gmail.com |  | Pune |  | Pune |  | MH |  | 411057 |  | INDIA |  | Sanvi02 |  | Temp@456 |  | Temp@456 |" time="0.004"/>
  <testcase classname="| Adi |  | Gar |  | 3234567890 |  | sanvi03@gmail.com |  | Pune |  | Pune |  | MH |  | 411057 |  | INDIA |  | Sanvi02 |  | Temp@789 |  | Temp@789 |" name="Given User is on Home Page" time="0"/>
  <testcase classname="| Adi |  | Gar |  | 3234567890 |  | sanvi03@gmail.com |  | Pune |  | Pune |  | MH |  | 411057 |  | INDIA |  | Sanvi02 |  | Temp@789 |  | Temp@789 |" name="When User clicks on Register link" time="0"/>
  <testcase classname="| Adi |  | Gar |  | 3234567890 |  | sanvi03@gmail.com |  | Pune |  | Pune |  | MH |  | 411057 |  | INDIA |  | Sanvi02 |  | Temp@789 |  | Temp@789 |" name="And User enter Contact Information  &quot;Adi&quot; &quot;Gar&quot; &quot;3234567890&quot;&quot;sanvi03@gmail.com&quot;" time="0"/>
  <testcase classname="| Adi |  | Gar |  | 3234567890 |  | sanvi03@gmail.com |  | Pune |  | Pune |  | MH |  | 411057 |  | INDIA |  | Sanvi02 |  | Temp@789 |  | Temp@789 |" name="And User enter Mailing Information  &quot;Pune&quot;&quot;Pune&quot;&quot;MH&quot;&quot;411057&quot;&quot;INDIA&quot;" time="0.001"/>
  <testcase classname="| Adi |  | Gar |  | 3234567890 |  | sanvi03@gmail.com |  | Pune |  | Pune |  | MH |  | 411057 |  | INDIA |  | Sanvi02 |  | Temp@789 |  | Temp@789 |" name="And User enter User Information  &quot;Sanvi02&quot;&quot;Temp@789&quot;&quot;Temp@789&quot;" time="0"/>
  <testcase classname="| Adi |  | Gar |  | 3234567890 |  | sanvi03@gmail.com |  | Pune |  | Pune |  | MH |  | 411057 |  | INDIA |  | Sanvi02 |  | Temp@789 |  | Temp@789 |" name="Then User clicks on Submit button" time="0"/>
  <testcase classname="| Adi |  | Gar |  | 3234567890 |  | sanvi03@gmail.com |  | Pune |  | Pune |  | MH |  | 411057 |  | INDIA |  | Sanvi02 |  | Temp@789 |  | Temp@789 |" name="Then User is registered" time="0.001"/>
  <testcase classname="| Adi |  | Gar |  | 3234567890 |  | sanvi03@gmail.com |  | Pune |  | Pune |  | MH |  | 411057 |  | INDIA |  | Sanvi02 |  | Temp@789 |  | Temp@789 |" name="| Adi |  | Gar |  | 3234567890 |  | sanvi03@gmail.com |  | Pune |  | Pune |  | MH |  | 411057 |  | INDIA |  | Sanvi02 |  | Temp@789 |  | Temp@789 |" time="0.003"/>
  <testcase classname="| Amar |  | Dahi |  | 1234567890 |  | Amar123@gmail.com |  | Pune |  | Pune |  | MH |  | 411057 |  | INDIA |  | Sanvi02 |  | Temp@123 |  | Temp@123 |" name="Given User is on Home Page" time="0"/>
  <testcase classname="| Amar |  | Dahi |  | 1234567890 |  | Amar123@gmail.com |  | Pune |  | Pune |  | MH |  | 411057 |  | INDIA |  | Sanvi02 |  | Temp@123 |  | Temp@123 |" name="When User clicks on Register link" time="0"/>
  <testcase classname="| Amar |  | Dahi |  | 1234567890 |  | Amar123@gmail.com |  | Pune |  | Pune |  | MH |  | 411057 |  | INDIA |  | Sanvi02 |  | Temp@123 |  | Temp@123 |" name="And User enter Contact Information  &quot;Amar&quot; &quot;Dahi&quot; &quot;1234567890&quot;&quot;Amar123@gmail.com&quot;" time="0"/>
  <testcase classname="| Amar |  | Dahi |  | 1234567890 |  | Amar123@gmail.com |  | Pune |  | Pune |  | MH |  | 411057 |  | INDIA |  | Sanvi02 |  | Temp@123 |  | Temp@123 |" name="And User enter Mailing Information  &quot;Pune&quot;&quot;Pune&quot;&quot;MH&quot;&quot;411057&quot;&quot;INDIA&quot;" time="0"/>
  <testcase classname="| Amar |  | Dahi |  | 1234567890 |  | Amar123@gmail.com |  | Pune |  | Pune |  | MH |  | 411057 |  | INDIA |  | Sanvi02 |  | Temp@123 |  | Temp@123 |" name="And User enter User Information  &quot;Sanvi02&quot;&quot;Temp@123&quot;&quot;Temp@123&quot;" time="0"/>
  <testcase classname="| Amar |  | Dahi |  | 1234567890 |  | Amar123@gmail.com |  | Pune |  | Pune |  | MH |  | 411057 |  | INDIA |  | Sanvi02 |  | Temp@123 |  | Temp@123 |" name="Then User clicks on Submit button" time="0"/>
  <testcase classname="| Amar |  | Dahi |  | 1234567890 |  | Amar123@gmail.com |  | Pune |  | Pune |  | MH |  | 411057 |  | INDIA |  | Sanvi02 |  | Temp@123 |  | Temp@123 |" name="Then User is registered" time="0"/>
  <testcase classname="| Amar |  | Dahi |  | 1234567890 |  | Amar123@gmail.com |  | Pune |  | Pune |  | MH |  | 411057 |  | INDIA |  | Sanvi02 |  | Temp@123 |  | Temp@123 |" name="| Amar |  | Dahi |  | 1234567890 |  | Amar123@gmail.com |  | Pune |  | Pune |  | MH |  | 411057 |  | INDIA |  | Sanvi02 |  | Temp@123 |  | Temp@123 |" time="0.003"/>
</testsuite>